{"/home/awe/superimp/lib/CompositionError.js": {"path":"/home/awe/superimp/lib/CompositionError.js","statementMap":{"1":{"start":{"line":3,"column":50},"end":{"line":3,"column":151}},"2":{"start":{"line":3,"column":92},"end":{"line":3,"column":149}},"3":{"start":{"line":5,"column":50},"end":{"line":5,"column":151}},"4":{"start":{"line":5,"column":63},"end":{"line":5,"column":149}},"5":{"start":{"line":5,"column":152},"end":{"line":5,"column":238}},"6":{"start":{"line":7,"column":43},"end":{"line":7,"column":208}},"7":{"start":{"line":7,"column":106},"end":{"line":7,"column":206}},"8":{"start":{"line":7,"column":209},"end":{"line":7,"column":373}},"9":{"start":{"line":7,"column":374},"end":{"line":7,"column":492}},"10":{"start":{"line":7,"column":390},"end":{"line":7,"column":492}},"11":{"start":{"line":10,"column":23},"end":{"line":27,"column":8}},"12":{"start":{"line":11,"column":2},"end":{"line":11,"column":38}},"13":{"start":{"line":18,"column":4},"end":{"line":18,"column":44}},"14":{"start":{"line":20,"column":16},"end":{"line":20,"column":132}},"15":{"start":{"line":22,"column":4},"end":{"line":22,"column":28}},"16":{"start":{"line":23,"column":4},"end":{"line":23,"column":17}},"17":{"start":{"line":26,"column":2},"end":{"line":26,"column":26}},"18":{"start":{"line":29,"column":0},"end":{"line":29,"column":34}}},"fnMap":{"1":{"name":"_classCallCheck","decl":{"start":{"line":3,"column":9},"end":{"line":3,"column":24}},"loc":{"start":{"line":3,"column":48},"end":{"line":3,"column":153}}},"2":{"name":"_possibleConstructorReturn","decl":{"start":{"line":5,"column":9},"end":{"line":5,"column":35}},"loc":{"start":{"line":5,"column":48},"end":{"line":5,"column":240}}},"3":{"name":"_inherits","decl":{"start":{"line":7,"column":9},"end":{"line":7,"column":18}},"loc":{"start":{"line":7,"column":41},"end":{"line":7,"column":494}}},"4":{"name":"(anonymous_4)","decl":{"start":{"line":10,"column":23},"end":{"line":10,"column":24}},"loc":{"start":{"line":10,"column":41},"end":{"line":27,"column":1}}},"5":{"name":"CompositionError","decl":{"start":{"line":17,"column":11},"end":{"line":17,"column":27}},"loc":{"start":{"line":17,"column":37},"end":{"line":24,"column":3}}}},"branchMap":{"1":{"loc":{"start":{"line":3,"column":50},"end":{"line":3,"column":151}},"type":"if","locations":[{"start":{"line":3,"column":50},"end":{"line":3,"column":151}},{"start":{"line":3,"column":50},"end":{"line":3,"column":151}}]},"2":{"loc":{"start":{"line":5,"column":50},"end":{"line":5,"column":151}},"type":"if","locations":[{"start":{"line":5,"column":50},"end":{"line":5,"column":151}},{"start":{"line":5,"column":50},"end":{"line":5,"column":151}}]},"3":{"loc":{"start":{"line":5,"column":159},"end":{"line":5,"column":237}},"type":"cond-expr","locations":[{"start":{"line":5,"column":226},"end":{"line":5,"column":230}},{"start":{"line":5,"column":233},"end":{"line":5,"column":237}}]},"4":{"loc":{"start":{"line":5,"column":159},"end":{"line":5,"column":223}},"type":"binary-expr","locations":[{"start":{"line":5,"column":159},"end":{"line":5,"column":163}},{"start":{"line":5,"column":168},"end":{"line":5,"column":192}},{"start":{"line":5,"column":196},"end":{"line":5,"column":222}}]},"5":{"loc":{"start":{"line":7,"column":43},"end":{"line":7,"column":208}},"type":"if","locations":[{"start":{"line":7,"column":43},"end":{"line":7,"column":208}},{"start":{"line":7,"column":43},"end":{"line":7,"column":208}}]},"6":{"loc":{"start":{"line":7,"column":47},"end":{"line":7,"column":102}},"type":"binary-expr","locations":[{"start":{"line":7,"column":47},"end":{"line":7,"column":79}},{"start":{"line":7,"column":83},"end":{"line":7,"column":102}}]},"7":{"loc":{"start":{"line":7,"column":244},"end":{"line":7,"column":278}},"type":"binary-expr","locations":[{"start":{"line":7,"column":244},"end":{"line":7,"column":254}},{"start":{"line":7,"column":258},"end":{"line":7,"column":278}}]},"8":{"loc":{"start":{"line":7,"column":374},"end":{"line":7,"column":492}},"type":"if","locations":[{"start":{"line":7,"column":374},"end":{"line":7,"column":492}},{"start":{"line":7,"column":374},"end":{"line":7,"column":492}}]},"9":{"loc":{"start":{"line":7,"column":390},"end":{"line":7,"column":491}},"type":"cond-expr","locations":[{"start":{"line":7,"column":414},"end":{"line":7,"column":457}},{"start":{"line":7,"column":460},"end":{"line":7,"column":491}}]},"10":{"loc":{"start":{"line":20,"column":50},"end":{"line":20,"column":119}},"type":"binary-expr","locations":[{"start":{"line":20,"column":50},"end":{"line":20,"column":76}},{"start":{"line":20,"column":80},"end":{"line":20,"column":119}}]}},"s":{"1":3,"2":0,"3":3,"4":0,"5":3,"6":4,"7":0,"8":4,"9":4,"10":4,"11":4,"12":4,"13":3,"14":3,"15":3,"16":3,"17":4,"18":4},"f":{"1":3,"2":3,"3":4,"4":4,"5":3},"b":{"1":[0,3],"2":[0,3],"3":[3,0],"4":[3,3,0],"5":[0,4],"6":[4,0],"7":[4,4],"8":[4,0],"9":[4,0],"10":[3,0]},"hash":"a89ad66ed77ab83834c1475c961809f6b15d608a"}
,"/home/awe/superimp/lib/compose.js": {"path":"/home/awe/superimp/lib/compose.js","statementMap":{"1":{"start":{"line":3,"column":35},"end":{"line":3,"column":193}},"2":{"start":{"line":3,"column":61},"end":{"line":3,"column":145}},"3":{"start":{"line":3,"column":126},"end":{"line":3,"column":143}},"4":{"start":{"line":3,"column":146},"end":{"line":3,"column":158}},"5":{"start":{"line":3,"column":168},"end":{"line":3,"column":191}},"6":{"start":{"line":5,"column":18},"end":{"line":5,"column":42}},"7":{"start":{"line":13,"column":0},"end":{"line":25,"column":2}},"8":{"start":{"line":14,"column":2},"end":{"line":16,"column":3}},"9":{"start":{"line":15,"column":4},"end":{"line":15,"column":33}},"10":{"start":{"line":18,"column":2},"end":{"line":20,"column":3}},"11":{"start":{"line":19,"column":4},"end":{"line":19,"column":19}},"12":{"start":{"line":21,"column":2},"end":{"line":23,"column":3}},"13":{"start":{"line":22,"column":4},"end":{"line":22,"column":41}},"14":{"start":{"line":24,"column":2},"end":{"line":24,"column":132}}},"fnMap":{"1":{"name":"_toConsumableArray","decl":{"start":{"line":3,"column":9},"end":{"line":3,"column":27}},"loc":{"start":{"line":3,"column":33},"end":{"line":3,"column":195}}},"2":{"name":"compose","decl":{"start":{"line":13,"column":26},"end":{"line":13,"column":33}},"loc":{"start":{"line":13,"column":36},"end":{"line":25,"column":1}}}},"branchMap":{"1":{"loc":{"start":{"line":3,"column":35},"end":{"line":3,"column":193}},"type":"if","locations":[{"start":{"line":3,"column":35},"end":{"line":3,"column":193}},{"start":{"line":3,"column":35},"end":{"line":3,"column":193}}]},"2":{"loc":{"start":{"line":18,"column":2},"end":{"line":20,"column":3}},"type":"if","locations":[{"start":{"line":18,"column":2},"end":{"line":20,"column":3}},{"start":{"line":18,"column":2},"end":{"line":20,"column":3}}]},"3":{"loc":{"start":{"line":21,"column":2},"end":{"line":23,"column":3}},"type":"if","locations":[{"start":{"line":21,"column":2},"end":{"line":23,"column":3}},{"start":{"line":21,"column":2},"end":{"line":23,"column":3}}]}},"s":{"1":2,"2":2,"3":3,"4":2,"5":0,"6":1,"7":1,"8":4,"9":10,"10":4,"11":1,"12":3,"13":1,"14":2},"f":{"1":2,"2":4},"b":{"1":[2,0],"2":[1,3],"3":[1,2]},"hash":"188855fb5fdede0be019bf8103df287f2077d491"}
,"/home/awe/superimp/lib/composePair.js": {"path":"/home/awe/superimp/lib/composePair.js","statementMap":{"1":{"start":{"line":3,"column":14},"end":{"line":3,"column":240}},"2":{"start":{"line":3,"column":101},"end":{"line":3,"column":119}},"3":{"start":{"line":3,"column":141},"end":{"line":3,"column":238}},"4":{"start":{"line":7,"column":16},"end":{"line":7,"column":38}},"5":{"start":{"line":8,"column":13},"end":{"line":8,"column":32}},"6":{"start":{"line":9,"column":23},"end":{"line":9,"column":52}},"7":{"start":{"line":18,"column":0},"end":{"line":40,"column":2}},"8":{"start":{"line":19,"column":13},"end":{"line":19,"column":19}},"9":{"start":{"line":20,"column":2},"end":{"line":38,"column":5}},"10":{"start":{"line":21,"column":4},"end":{"line":37,"column":5}},"11":{"start":{"line":22,"column":6},"end":{"line":22,"column":28}},"12":{"start":{"line":23,"column":6},"end":{"line":23,"column":45}},"13":{"start":{"line":24,"column":11},"end":{"line":37,"column":5}},"14":{"start":{"line":25,"column":6},"end":{"line":25,"column":27}},"15":{"start":{"line":26,"column":6},"end":{"line":26,"column":42}},"16":{"start":{"line":29,"column":6},"end":{"line":36,"column":7}},"17":{"start":{"line":30,"column":8},"end":{"line":30,"column":29}},"18":{"start":{"line":31,"column":8},"end":{"line":35,"column":9}},"19":{"start":{"line":32,"column":10},"end":{"line":32,"column":83}},"20":{"start":{"line":34,"column":10},"end":{"line":34,"column":57}},"21":{"start":{"line":39,"column":2},"end":{"line":39,"column":14}}},"fnMap":{"1":{"name":"(anonymous_1)","decl":{"start":{"line":3,"column":84},"end":{"line":3,"column":85}},"loc":{"start":{"line":3,"column":99},"end":{"line":3,"column":121}}},"2":{"name":"(anonymous_2)","decl":{"start":{"line":3,"column":124},"end":{"line":3,"column":125}},"loc":{"start":{"line":3,"column":139},"end":{"line":3,"column":240}}},"3":{"name":"composePair","decl":{"start":{"line":18,"column":26},"end":{"line":18,"column":37}},"loc":{"start":{"line":18,"column":49},"end":{"line":40,"column":1}}},"4":{"name":"(anonymous_4)","decl":{"start":{"line":20,"column":27},"end":{"line":20,"column":28}},"loc":{"start":{"line":20,"column":42},"end":{"line":38,"column":3}}}},"branchMap":{"1":{"loc":{"start":{"line":3,"column":14},"end":{"line":3,"column":240}},"type":"cond-expr","locations":[{"start":{"line":3,"column":84},"end":{"line":3,"column":121}},{"start":{"line":3,"column":124},"end":{"line":3,"column":240}}]},"2":{"loc":{"start":{"line":3,"column":14},"end":{"line":3,"column":81}},"type":"binary-expr","locations":[{"start":{"line":3,"column":14},"end":{"line":3,"column":42}},{"start":{"line":3,"column":46},"end":{"line":3,"column":81}}]},"3":{"loc":{"start":{"line":3,"column":148},"end":{"line":3,"column":237}},"type":"cond-expr","locations":[{"start":{"line":3,"column":216},"end":{"line":3,"column":224}},{"start":{"line":3,"column":227},"end":{"line":3,"column":237}}]},"4":{"loc":{"start":{"line":3,"column":148},"end":{"line":3,"column":213}},"type":"binary-expr","locations":[{"start":{"line":3,"column":148},"end":{"line":3,"column":151}},{"start":{"line":3,"column":155},"end":{"line":3,"column":183}},{"start":{"line":3,"column":187},"end":{"line":3,"column":213}}]},"5":{"loc":{"start":{"line":21,"column":4},"end":{"line":37,"column":5}},"type":"if","locations":[{"start":{"line":21,"column":4},"end":{"line":37,"column":5}},{"start":{"line":21,"column":4},"end":{"line":37,"column":5}}]},"6":{"loc":{"start":{"line":24,"column":11},"end":{"line":37,"column":5}},"type":"if","locations":[{"start":{"line":24,"column":11},"end":{"line":37,"column":5}},{"start":{"line":24,"column":11},"end":{"line":37,"column":5}}]},"7":{"loc":{"start":{"line":29,"column":6},"end":{"line":36,"column":7}},"type":"if","locations":[{"start":{"line":29,"column":6},"end":{"line":36,"column":7}}]},"8":{"loc":{"start":{"line":31,"column":8},"end":{"line":35,"column":9}},"type":"if","locations":[{"start":{"line":31,"column":8},"end":{"line":35,"column":9}},{"start":{"line":31,"column":8},"end":{"line":35,"column":9}}]},"9":{"loc":{"start":{"line":31,"column":12},"end":{"line":31,"column":102}},"type":"binary-expr","locations":[{"start":{"line":31,"column":12},"end":{"line":31,"column":30}},{"start":{"line":31,"column":34},"end":{"line":31,"column":66}},{"start":{"line":31,"column":70},"end":{"line":31,"column":102}}]}},"s":{"1":2,"2":1,"3":0,"4":2,"5":2,"6":2,"7":2,"8":7,"9":7,"10":14,"11":3,"12":3,"13":11,"14":8,"15":8,"16":3,"17":3,"18":3,"19":1,"20":2,"21":6},"f":{"1":1,"2":0,"3":7,"4":14},"b":{"1":[2,0],"2":[2,2],"3":[0,0],"4":[0,0,0],"5":[3,11],"6":[8,3],"7":[3],"8":[1,2],"9":[3,3,1]},"hash":"6753499cc1acfa18ee885aacc9e780f68eade86e"}
,"/home/awe/superimp/lib/introduce.js": {"path":"/home/awe/superimp/lib/introduce.js","statementMap":{"1":{"start":{"line":3,"column":23},"end":{"line":3,"column":52}},"2":{"start":{"line":12,"column":0},"end":{"line":18,"column":2}},"3":{"start":{"line":13,"column":2},"end":{"line":15,"column":3}},"4":{"start":{"line":14,"column":4},"end":{"line":14,"column":83}},"5":{"start":{"line":16,"column":2},"end":{"line":16,"column":29}},"6":{"start":{"line":17,"column":2},"end":{"line":17,"column":13}}},"fnMap":{"1":{"name":"introduce","decl":{"start":{"line":12,"column":26},"end":{"line":12,"column":35}},"loc":{"start":{"line":12,"column":63},"end":{"line":18,"column":1}}}},"branchMap":{"1":{"loc":{"start":{"line":13,"column":2},"end":{"line":15,"column":3}},"type":"if","locations":[{"start":{"line":13,"column":2},"end":{"line":15,"column":3}},{"start":{"line":13,"column":2},"end":{"line":15,"column":3}}]}},"s":{"1":3,"2":3,"3":5,"4":1,"5":4,"6":4},"f":{"1":5},"b":{"1":[1,4]},"hash":"8ca7985393e652cc832323c777867f99cc1cd171"}
,"/home/awe/superimp/lib/refine.js": {"path":"/home/awe/superimp/lib/refine.js","statementMap":{"1":{"start":{"line":3,"column":23},"end":{"line":3,"column":52}},"2":{"start":{"line":12,"column":0},"end":{"line":18,"column":2}},"3":{"start":{"line":13,"column":2},"end":{"line":15,"column":3}},"4":{"start":{"line":14,"column":4},"end":{"line":14,"column":85}},"5":{"start":{"line":16,"column":2},"end":{"line":16,"column":40}},"6":{"start":{"line":17,"column":2},"end":{"line":17,"column":13}}},"fnMap":{"1":{"name":"refine","decl":{"start":{"line":12,"column":26},"end":{"line":12,"column":32}},"loc":{"start":{"line":12,"column":60},"end":{"line":18,"column":1}}}},"branchMap":{"1":{"loc":{"start":{"line":13,"column":2},"end":{"line":15,"column":3}},"type":"if","locations":[{"start":{"line":13,"column":2},"end":{"line":15,"column":3}},{"start":{"line":13,"column":2},"end":{"line":15,"column":3}}]}},"s":{"1":3,"2":3,"3":11,"4":1,"5":10,"6":10},"f":{"1":11},"b":{"1":[1,10]},"hash":"8c53711455f1a7afa92f531a7d686200f244d832"}
}
