TN:
SF:/home/awe/superimp/lib/CompositionError.js
FN:3,_classCallCheck
FN:5,_possibleConstructorReturn
FN:7,_inherits
FN:10,(anonymous_4)
FN:17,CompositionError
FNF:5
FNH:5
FNDA:3,_classCallCheck
FNDA:3,_possibleConstructorReturn
FNDA:4,_inherits
FNDA:4,(anonymous_4)
FNDA:3,CompositionError
DA:3,3
DA:5,3
DA:7,4
DA:10,4
DA:11,4
DA:18,3
DA:20,3
DA:22,3
DA:23,3
DA:26,4
DA:29,4
LF:11
LH:11
BRDA:3,1,0,0
BRDA:3,1,1,3
BRDA:5,2,0,0
BRDA:5,2,1,3
BRDA:5,3,0,3
BRDA:5,3,1,0
BRDA:5,4,0,3
BRDA:5,4,1,3
BRDA:5,4,2,0
BRDA:7,5,0,0
BRDA:7,5,1,4
BRDA:7,6,0,4
BRDA:7,6,1,0
BRDA:7,7,0,4
BRDA:7,7,1,4
BRDA:7,8,0,4
BRDA:7,8,1,0
BRDA:7,9,0,4
BRDA:7,9,1,0
BRDA:20,10,0,3
BRDA:20,10,1,0
BRF:21
BRH:12
end_of_record
TN:
SF:/home/awe/superimp/lib/compose.js
FN:3,_toConsumableArray
FN:13,compose
FNF:2
FNH:2
FNDA:2,_toConsumableArray
FNDA:3,compose
DA:3,3
DA:5,1
DA:13,1
DA:14,3
DA:15,9
DA:18,3
DA:19,0
DA:21,3
DA:22,1
DA:24,2
LF:10
LH:9
BRDA:3,1,0,2
BRDA:3,1,1,0
BRDA:18,2,0,0
BRDA:18,2,1,3
BRDA:21,3,0,1
BRDA:21,3,1,2
BRF:6
BRH:4
end_of_record
TN:
SF:/home/awe/superimp/lib/composePair.js
FN:3,(anonymous_1)
FN:3,(anonymous_2)
FN:16,composePair
FN:18,(anonymous_4)
FNF:4
FNH:2
FNDA:0,(anonymous_1)
FNDA:0,(anonymous_2)
FNDA:7,composePair
FNDA:14,(anonymous_4)
DA:3,2
DA:5,2
DA:6,2
DA:7,2
DA:16,2
DA:17,7
DA:18,7
DA:19,14
DA:20,3
DA:21,3
DA:22,11
DA:23,8
DA:24,8
DA:25,3
DA:26,3
DA:27,3
DA:28,1
DA:30,2
DA:34,6
LF:19
LH:19
BRDA:3,1,0,2
BRDA:3,1,1,0
BRDA:3,2,0,2
BRDA:3,2,1,2
BRDA:3,3,0,0
BRDA:3,3,1,0
BRDA:3,4,0,0
BRDA:3,4,1,0
BRDA:3,4,2,0
BRDA:19,5,0,3
BRDA:19,5,1,11
BRDA:22,6,0,8
BRDA:22,6,1,3
BRDA:25,7,0,3
BRDA:25,7,1,0
BRDA:27,8,0,1
BRDA:27,8,1,2
BRDA:27,9,0,3
BRDA:27,9,1,2
BRDA:27,9,2,0
BRF:20
BRH:12
end_of_record
TN:
SF:/home/awe/superimp/lib/introduce.js
FN:12,introduce
FNF:1
FNH:1
FNDA:5,introduce
DA:3,3
DA:12,3
DA:13,5
DA:14,1
DA:16,4
DA:17,4
LF:6
LH:6
BRDA:13,1,0,1
BRDA:13,1,1,4
BRF:2
BRH:2
end_of_record
TN:
SF:/home/awe/superimp/lib/refine.js
FN:12,refine
FNF:1
FNH:1
FNDA:11,refine
DA:3,3
DA:12,3
DA:13,11
DA:14,1
DA:16,10
DA:17,10
LF:6
LH:6
BRDA:13,1,0,1
BRDA:13,1,1,10
BRF:2
BRH:2
end_of_record
