TN:
SF:/home/awe/superimp/lib/Composer.js
FN:3,(anonymous_2)
FN:3,(anonymous_3)
FN:5,(anonymous_4)
FN:5,defineProperties
FN:5,(anonymous_6)
FN:7,_classCallCheck
FN:15,(anonymous_8)
FN:22,Composer
FN:37,compose
FN:54,composeFirstFeatureOnBaseFeature
FN:58,(anonymous_12)
FN:76,introduce
FN:93,refine
FN:110,composeChilds
FNF:14
FNH:13
FNDA:5,(anonymous_2)
FNDA:0,(anonymous_3)
FNDA:1,(anonymous_4)
FNDA:1,defineProperties
FNDA:1,(anonymous_6)
FNDA:14,_classCallCheck
FNDA:1,(anonymous_8)
FNDA:14,Composer
FNDA:5,compose
FNDA:7,composeFirstFeatureOnBaseFeature
FNDA:18,(anonymous_12)
FNDA:8,introduce
FNDA:11,refine
FNDA:7,composeChilds
DA:3,5
DA:5,5
DA:7,14
DA:9,1
DA:15,1
DA:23,14
DA:25,14
DA:26,14
DA:35,1
DA:39,5
DA:40,5
DA:41,6
DA:43,6
DA:45,5
DA:55,7
DA:57,7
DA:58,7
DA:59,18
DA:60,6
DA:61,12
DA:62,9
DA:63,3
DA:64,3
DA:78,8
DA:79,8
DA:80,8
DA:81,1
DA:83,7
DA:95,11
DA:96,11
DA:97,11
DA:98,1
DA:100,10
DA:112,7
DA:113,7
DA:115,7
DA:116,3
DA:119,4
DA:120,4
DA:125,1
DA:128,1
LF:41
LH:41
BRDA:3,0,0,1
BRDA:3,0,1,0
BRDA:3,1,0,1
BRDA:3,1,1,1
BRDA:3,2,0,0
BRDA:3,2,1,5
BRDA:3,3,0,0
BRDA:3,3,1,0
BRDA:3,4,0,0
BRDA:3,4,1,0
BRDA:3,4,2,0
BRDA:3,4,3,0
BRDA:3,5,0,0
BRDA:3,5,1,0
BRDA:5,6,0,5
BRDA:5,6,1,5
BRDA:5,7,0,5
BRDA:5,7,1,0
BRDA:5,8,0,1
BRDA:5,8,1,0
BRDA:5,9,0,0
BRDA:5,9,1,1
BRDA:7,10,0,0
BRDA:7,10,1,14
BRDA:59,11,0,6
BRDA:59,11,1,12
BRDA:61,12,0,9
BRDA:61,12,1,3
BRDA:63,13,0,3
BRDA:63,13,1,0
BRDA:80,14,0,1
BRDA:80,14,1,7
BRDA:97,15,0,1
BRDA:97,15,1,10
BRDA:115,16,0,3
BRDA:115,16,1,4
BRDA:115,17,0,7
BRDA:115,17,1,6
BRDA:115,17,2,5
BRDA:115,17,3,5
BRF:40
BRH:25
end_of_record
TN:
SF:/home/awe/superimp/lib/CompositionError.js
FN:3,_classCallCheck
FN:5,_possibleConstructorReturn
FN:7,_inherits
FN:13,(anonymous_5)
FN:20,CompositionError
FNF:5
FNH:5
FNDA:5,_classCallCheck
FNDA:5,_possibleConstructorReturn
FNDA:1,_inherits
FNDA:1,(anonymous_5)
FNDA:5,CompositionError
DA:3,5
DA:5,5
DA:7,1
DA:13,1
DA:14,1
DA:21,5
DA:23,5
DA:25,5
DA:26,5
DA:29,1
DA:32,1
LF:11
LH:11
BRDA:3,0,0,0
BRDA:3,0,1,5
BRDA:5,1,0,0
BRDA:5,1,1,5
BRDA:5,2,0,5
BRDA:5,2,1,0
BRDA:5,3,0,5
BRDA:5,3,1,5
BRDA:5,3,2,0
BRDA:5,4,0,0
BRDA:5,4,1,5
BRDA:7,5,0,0
BRDA:7,5,1,1
BRDA:7,6,0,1
BRDA:7,6,1,0
BRDA:7,7,0,0
BRDA:7,7,1,0
BRDA:7,8,0,1
BRDA:7,8,1,1
BRDA:7,9,0,1
BRDA:7,9,1,0
BRDA:7,10,0,1
BRDA:7,10,1,0
BRDA:23,11,0,5
BRDA:23,11,1,0
BRF:25
BRH:13
end_of_record
